[[[[[ /space4/aws/working/github/game_quiz ]]]]]

=> Started proxy.
=> Started MongoDB.
[34mW20180606-09:54:29.658(-5)? (STDERR) [39m[35mNote: you are using a pure-JavaScript implementation of bcrypt.[39m
[34mW20180606-09:54:29.872(-5)? (STDERR) [39m[35mWhile this implementation will work correctly, it is known to be[39m
[34mW20180606-09:54:29.873(-5)? (STDERR) [39m[35mapproximately three times slower than the native implementation.[39m
[34mW20180606-09:54:29.874(-5)? (STDERR) [39m[35mIn order to use the native implementation instead, run[39m
[34mW20180606-09:54:29.874(-5)? (STDERR) [39m[35m[39m
[34mW20180606-09:54:29.874(-5)? (STDERR) [39m[35m  meteor npm install --save bcrypt[39m
[34mW20180606-09:54:29.875(-5)? (STDERR) [39m[35m[39m
[34mW20180606-09:54:29.875(-5)? (STDERR) [39m[35min the root directory of your application.[39m
[34mI20180606-09:54:30.121(-5)? [39mquizList.initializeQuizCollection
[34mI20180606-09:54:30.122(-5)? [39mCollection already has 896 entries
[34mI20180606-09:54:30.142(-5)? [39mAll uniq categories: ANIMALS,SCIENCE,HEALTH_AND_MEDICINE,HISTORY,LITERATURE_AND_LANGUAGE,SOCIETY,FOOD,POP_CULTURE,ARTS_AND_CULTURE,GEOGRAPHY,MUSIC,PHILOSOPHY_AND_RELIGION,SPORT_AND_RECREATION,TECHNOLOGY
[34mI20180606-09:54:30.145(-5)? [39mAll Quiz Types: TRUE_FALSE,MULTIPLE_CHOICE
[34mI20180606-09:54:30.149(-5)? [39mGame ID: 2018-06-06_09_54_30_6
[34mI20180606-09:54:30.150(-5)? [39mgetQuizFromCategory: HEALTH_AND_MEDICINE
[34mI20180606-09:54:30.151(-5)? [39mgetNewCategoryQuizId - HEALTH_AND_MEDICINE: [6322,6286,4549,4560,5531,4573,5355,4506,4515,4577,4726,4728,5445,4521,4572,4535,4569,4588,4589,4590,4591,4725,4756]
[34mI20180606-09:54:30.152(-5)? [39mgetNewCategoryQuizId - index: 15
[34mI20180606-09:54:30.152(-5)? [39mgetNewCategoryQuizId - quiz ID: 4535
[34mI20180606-09:54:30.152(-5)? [39mInsert a new game ...2018-06-06_09_54_30_8
[34mI20180606-09:54:30.178(-5)? [39mHEALTH_AND_MEDICINE, quizId: 4535
[34mI20180606-09:54:30.180(-5)? [39mgetQuizFromCategory: HEALTH_AND_MEDICINE
[34mI20180606-09:54:30.187(-5)? [39mHEALTH_AND_MEDICINE, next quizId: 4588
[34mI20180606-09:54:30.190(-5)? [39mQuiz: {"_id":"jqbs5ABEZBiM8fo9J","id":6322,"title":6322,"mainCategory":"HEALTH_AND_MEDICINE","quizType":"MULTIPLE_CHOICE"}
[34mI20180606-09:54:30.191(-5)? [39mQuiz: {"_id":"Z4ojghLQ253tYZBiD","id":6286,"title":6286,"mainCategory":"HEALTH_AND_MEDICINE","quizType":"MULTIPLE_CHOICE"}
[34mI20180606-09:54:30.192(-5)? [39mQuiz: {"_id":"jyQ7zHAakxRgM2ruZ","id":4549,"title":4549,"mainCategory":"HEALTH_AND_MEDICINE","quizType":"TRUE_FALSE"}
[34mI20180606-09:54:30.192(-5)? [39mQuiz: {"_id":"ZvFhbwYPsQ5CdPiJa","id":4560,"title":4560,"mainCategory":"HEALTH_AND_MEDICINE","quizType":"TRUE_FALSE"}
[34mI20180606-09:54:30.193(-5)? [39mQuiz: {"_id":"y9YFSSeih29JSDbbX","id":5531,"title":5531,"mainCategory":"HEALTH_AND_MEDICINE","quizType":"MULTIPLE_CHOICE"}
[34mI20180606-09:54:30.193(-5)? [39mQuiz: {"_id":"MxPny7zyc9AMuRcxq","id":4573,"title":4573,"mainCategory":"HEALTH_AND_MEDICINE","quizType":"TRUE_FALSE"}
[34mI20180606-09:54:30.193(-5)? [39mQuiz: {"_id":"r7uvn5YYziy2ko4yh","id":5355,"title":5355,"mainCategory":"HEALTH_AND_MEDICINE","quizType":"MULTIPLE_CHOICE"}
[34mI20180606-09:54:30.193(-5)? [39mQuiz: {"_id":"b8jTAxPjhRJCYq7Zv","id":4506,"title":4506,"mainCategory":"HEALTH_AND_MEDICINE","quizType":"TRUE_FALSE"}
[34mI20180606-09:54:30.194(-5)? [39mQuiz: {"_id":"YKfh9nbG7bPgA6GTq","id":4515,"title":4515,"mainCategory":"HEALTH_AND_MEDICINE","quizType":"MULTIPLE_CHOICE"}
[34mI20180606-09:54:30.194(-5)? [39mQuiz: {"_id":"rEaXg5TbyMjbN3Nsb","id":4577,"title":4577,"mainCategory":"HEALTH_AND_MEDICINE","quizType":"TRUE_FALSE"}
[34mI20180606-09:54:30.194(-5)? [39mQuiz: {"_id":"6mJvNeXGrGBKQxAhD","id":4726,"title":4726,"mainCategory":"HEALTH_AND_MEDICINE","quizType":"TRUE_FALSE"}
[34mI20180606-09:54:30.195(-5)? [39mQuiz: {"_id":"AjZ5SdqsRcdEfgsxr","id":4728,"title":4728,"mainCategory":"HEALTH_AND_MEDICINE","quizType":"TRUE_FALSE"}
[34mI20180606-09:54:30.195(-5)? [39mQuiz: {"_id":"ZYzkwpY2pgezH5fxv","id":5445,"title":5445,"mainCategory":"HEALTH_AND_MEDICINE","quizType":"MULTIPLE_CHOICE"}
[34mI20180606-09:54:30.196(-5)? [39mQuiz: {"_id":"YHWKGsgFihx5jAQpz","id":4521,"title":4521,"mainCategory":"HEALTH_AND_MEDICINE","quizType":"MULTIPLE_CHOICE"}
[34mI20180606-09:54:30.196(-5)? [39mQuiz: {"_id":"xjeu2pEqwACbw2ASr","id":4572,"title":4572,"mainCategory":"HEALTH_AND_MEDICINE","quizType":"TRUE_FALSE"}
[34mI20180606-09:54:30.196(-5)? [39mQuiz: {"_id":"CokdDssEWuASfcNbu","id":4535,"title":4535,"mainCategory":"HEALTH_AND_MEDICINE","quizType":"MULTIPLE_CHOICE"}
[34mI20180606-09:54:30.197(-5)? [39mQuiz: {"_id":"y3i85d2hGwch7mKyA","id":4569,"title":4569,"mainCategory":"HEALTH_AND_MEDICINE","quizType":"TRUE_FALSE"}
[34mI20180606-09:54:30.197(-5)? [39mQuiz: {"_id":"6yDKA5wjLNXmqxZud","id":4588,"title":4588,"mainCategory":"HEALTH_AND_MEDICINE","quizType":"MULTIPLE_CHOICE"}
[34mI20180606-09:54:30.197(-5)? [39mQuiz: {"_id":"WBMK68aWLuKYHnGJb","id":4589,"title":4589,"mainCategory":"HEALTH_AND_MEDICINE","quizType":"MULTIPLE_CHOICE"}
[34mI20180606-09:54:30.197(-5)? [39mQuiz: {"_id":"DRu7mnpHKMfgFmqwJ","id":4590,"title":4590,"mainCategory":"HEALTH_AND_MEDICINE","quizType":"MULTIPLE_CHOICE"}
[34mI20180606-09:54:30.198(-5)? [39mQuiz: {"_id":"WrLGAxqX82um2ayuB","id":4591,"title":4591,"mainCategory":"HEALTH_AND_MEDICINE","quizType":"MULTIPLE_CHOICE"}
[34mI20180606-09:54:30.198(-5)? [39mQuiz: {"_id":"R9GXC6TZvyer2setB","id":4725,"title":4725,"mainCategory":"HEALTH_AND_MEDICINE","quizType":"TRUE_FALSE"}
[34mI20180606-09:54:30.198(-5)? [39mQuiz: {"_id":"kWeydyDP2jnqkyfEM","id":4756,"title":4756,"mainCategory":"HEALTH_AND_MEDICINE","quizType":"TRUE_FALSE"}
[34mI20180606-09:54:30.199(-5)? [39mGames: []
[34mI20180606-09:54:30.199(-5)? [39mcheckGame: null
=> Started your app.

=> App running at: http://localhost:2994/
[34mI20180606-09:56:30.361(-5)? [39mCreated user: qhuynh, Random password: C_MlwC67S
[34mI20180606-09:56:30.901(-5)? [39mRun: echo Your password is: C_MlwC67S | mail -s "User account qhuynh information" qhuynh@eb.com
[34mI20180606-09:56:31.099(-5)? [39mstdout: 
[34mI20180606-09:56:31.100(-5)? [39mstderr: 
[34mI20180606-09:57:08.971(-5)? [39mUser name: qhuynh, password: 123
[34mI20180606-09:57:09.483(-5)? [39mSet new password for user: qhuynh
[34mI20180606-09:57:46.613(-5)? [39mCreated user: quanchuynh, Random password: C_sHDrz1A
[34mI20180606-09:57:47.106(-5)? [39mRun: echo Your password is: C_sHDrz1A | mail -s "User account quanchuynh information" quanchuynh@gmail.com
[34mI20180606-09:57:47.165(-5)? [39mstdout: 
[34mI20180606-09:57:47.166(-5)? [39mstderr: 
[34mI20180606-09:59:04.522(-5)? [39mUser name: quanchuynh, password: 123
[34mI20180606-09:59:05.007(-5)? [39mSet new password for user: quanchuynh
[34mI20180606-10:08:19.435(-5)? [39maxios.get, quizUrl + quizId: https://www.britannica.com/quiz/ajax/5602
[34mI20180606-10:08:24.506(-5)? [39maxios.get, quizId + question: 5602/questions
[34mI20180606-10:12:22.701(-5)? [39mCreated user: taruff5505, Random password: C_XS6Oa6f
[34mI20180606-10:12:23.191(-5)? [39mRun: echo Your password is: C_XS6Oa6f | mail -s "User account taruff5505 information" truff@eb.com
[34mI20180606-10:12:23.248(-5)? [39mstdout: 
[34mI20180606-10:12:23.248(-5)? [39mstderr: 
[34mI20180606-10:13:06.933(-5)? [39mUser name: taruff5505, password: Tom10ruff@
[34mI20180606-10:13:07.414(-5)? [39mSet new password for user: taruff5505
[34mI20180606-10:13:37.790(-5)? [39mUser name: taruff5505, password: Tom10ruff@
[34mI20180606-10:13:38.263(-5)? [39mSet new password for user: taruff5505
[34mI20180606-10:15:42.504(-5)? [39mgetQuizFromCategory: TECHNOLOGY
[34mI20180606-10:15:42.504(-5)? [39mgetNewCategoryQuizId - TECHNOLOGY: [5950,5181,4517,4537,4565,4597,4744,4747,4529,5847,4533]
[34mI20180606-10:15:42.505(-5)? [39mgetNewCategoryQuizId - index: 9
[34mI20180606-10:15:42.505(-5)? [39mgetNewCategoryQuizId - quiz ID: 5847
[34mI20180606-10:15:42.505(-5)? [39mInsert a new game ...demo
[34mI20180606-10:15:42.508(-5)? [39mgetCategoryQuizId, quizId: 5847, category: TECHNOLOGY
[34mI20180606-10:15:43.225(-5)? [39maxios.get, quizId + question: 4856/questions
[34mI20180606-10:15:49.227(-5)? [39mGames: ["demo"]
[34mI20180606-10:15:55.713(-5)? [39mJoin demo, by qhuynh
[34mI20180606-10:15:55.715(-5)? [39mJoined User: qhuynh, waits: ["taruff5505"]
[34mI20180606-10:16:02.179(-5)? [39mGames: ["demo"]
[34mI20180606-10:16:05.174(-5)? [39mJoin demo, by taruff5505
[34mI20180606-10:16:05.176(-5)? [39mJoined User: taruff5505, waits: []
[34mI20180606-10:16:10.203(-5)? [39maxios.get, quizUrl + quizId: https://www.britannica.com/quiz/ajax/4856
[34mI20180606-10:16:10.235(-5)? [39maxios.get, quizUrl + quizId: https://www.britannica.com/quiz/ajax/4856
[34mI20180606-10:16:10.284(-5)? [39maxios.get, quizUrl + quizId: https://www.britannica.com/quiz/ajax/4856
[34mI20180606-10:16:10.314(-5)? [39maxios.get, quizUrl + quizId: https://www.britannica.com/quiz/ajax/4856
[34mI20180606-10:16:10.341(-5)? [39maxios.get, quizId + question: 4856/questions
[34mI20180606-10:16:10.372(-5)? [39maxios.get, quizId + question: 4856/questions
[34mI20180606-10:16:10.408(-5)? [39maxios.get, quizId + question: 4856/questions
[34mI20180606-10:16:10.441(-5)? [39maxios.get, quizId + question: 4856/questions
[34mI20180606-10:16:10.491(-5)? [39maxios.get, quizUrl + quizId: https://www.britannica.com/quiz/ajax/4856
[34mI20180606-10:16:10.517(-5)? [39maxios.get, quizUrl + quizId: https://www.britannica.com/quiz/ajax/4856
[34mI20180606-10:16:10.545(-5)? [39maxios.get, quizUrl + quizId: https://www.britannica.com/quiz/ajax/4856
[34mI20180606-10:16:10.572(-5)? [39maxios.get, quizUrl + quizId: https://www.britannica.com/quiz/ajax/4856
[34mI20180606-10:16:10.600(-5)? [39maxios.get, quizId + question: 4856/questions
[34mI20180606-10:16:10.633(-5)? [39maxios.get, quizId + question: 4856/questions
[34mI20180606-10:16:10.663(-5)? [39maxios.get, quizId + question: 4856/questions
[34mI20180606-10:16:10.697(-5)? [39maxios.get, quizId + question: 4856/questions
[34mI20180606-10:16:17.726(-5)? [39msubmitCorrectAnswer: {"gameName":"demo","quizId":4856,"player":"qhuynh","question":0,"isCorrect":true}
[34mI20180606-10:16:18.212(-5)? [39mstartQuestionTracker, currentQuestion: 1
[34mI20180606-10:16:22.334(-5)? [39msubmitCorrectAnswer: {"gameName":"demo","quizId":4856,"player":"taruff5505","question":1,"isCorrect":false}
[34mI20180606-10:16:27.770(-5)? [39msubmitCorrectAnswer: {"gameName":"demo","quizId":4856,"player":"taruff5505","question":1,"isCorrect":true}
[34mI20180606-10:16:28.252(-5)? [39mstartQuestionTracker, currentQuestion: 2
[34mI20180606-10:16:34.676(-5)? [39msubmitCorrectAnswer: {"gameName":"demo","quizId":4856,"player":"taruff5505","question":2,"isCorrect":true}
[34mI20180606-10:16:35.261(-5)? [39mstartQuestionTracker, currentQuestion: 3
[34mI20180606-10:16:38.091(-5)? [39msubmitCorrectAnswer: {"gameName":"demo","quizId":4856,"player":"qhuynh","question":3,"isCorrect":false}
[34mI20180606-10:16:45.293(-5)? [39mstartQuestionTracker, currentQuestion: 4
[34mI20180606-10:16:46.459(-5)? [39msubmitCorrectAnswer: {"gameName":"demo","quizId":4856,"player":"qhuynh","question":4,"isCorrect":true}
[34mI20180606-10:16:47.296(-5)? [39mstartQuestionTracker, currentQuestion: 5
[34mI20180606-10:16:50.843(-5)? [39msubmitCorrectAnswer: {"gameName":"demo","quizId":4856,"player":"qhuynh","question":5,"isCorrect":false}
[34mI20180606-10:16:56.873(-5)? [39msubmitCorrectAnswer: {"gameName":"demo","quizId":4856,"player":"taruff5505","question":5,"isCorrect":true}
[34mI20180606-10:16:57.323(-5)? [39mstartQuestionTracker, currentQuestion: 6
[34mI20180606-10:17:02.403(-5)? [39msubmitCorrectAnswer: {"gameName":"demo","quizId":4856,"player":"qhuynh","question":6,"isCorrect":true}
[34mI20180606-10:17:03.355(-5)? [39maxios.get, quizUrl + quizId: https://www.britannica.com/quiz/ajax/4856
[34mI20180606-10:17:03.420(-5)? [39maxios.get, quizUrl + quizId: https://www.britannica.com/quiz/ajax/4856
[34mI20180606-10:17:03.881(-5)? [39maxios.get, quizUrl + quizId: https://www.britannica.com/quiz/ajax/4856
[34mI20180606-10:21:06.912(-5)? [39maxios.get, quizUrl + quizId: https://www.britannica.com/quiz/ajax/4858
[34mI20180606-10:21:06.945(-5)? [39maxios.get, quizId + question: 4858/questions
[34mI20180606-10:22:50.215(-5)? [39mgetActiveGames Games: ["demo"]
[34mI20180606-10:22:53.919(-5)? [39maxios.get, quizUrl + quizId: https://www.britannica.com/quiz/ajax/4856
[34mI20180606-10:22:53.941(-5)? [39maxios.get, quizUrl + quizId: https://www.britannica.com/quiz/ajax/4856
[34mI20180606-10:22:53.968(-5)? [39maxios.get, quizUrl + quizId: https://www.britannica.com/quiz/ajax/4856
[34mI20180606-10:22:53.992(-5)? [39maxios.get, quizUrl + quizId: https://www.britannica.com/quiz/ajax/4856
[34mI20180606-10:22:54.022(-5)? [39maxios.get, quizId + question: 4856/questions
[34mI20180606-10:22:54.055(-5)? [39maxios.get, quizId + question: 4856/questions
[34mI20180606-10:22:54.083(-5)? [39maxios.get, quizId + question: 4856/questions
[34mI20180606-10:22:54.112(-5)? [39maxios.get, quizId + question: 4856/questions
[34mI20180606-10:22:54.146(-5)? [39maxios.get, quizUrl + quizId: https://www.britannica.com/quiz/ajax/4856
[34mI20180606-10:22:54.174(-5)? [39maxios.get, quizUrl + quizId: https://www.britannica.com/quiz/ajax/4856
[34mI20180606-10:22:54.240(-5)? [39maxios.get, quizUrl + quizId: https://www.britannica.com/quiz/ajax/4856
[34mI20180606-10:22:54.269(-5)? [39maxios.get, quizUrl + quizId: https://www.britannica.com/quiz/ajax/4856
[34mI20180606-10:22:55.080(-5)? [39maxios.get, quizUrl + quizId: https://www.britannica.com/quiz/ajax/4856
